# JRE version: OpenJDK Runtime Environment (8.0_76-b03) (build 1.8.0_76-release-b03)
# Java VM: OpenJDK 64-Bit Server VM (25.76-b03 mixed mode windows-amd64 compressed oops)
Heap:
 PSYoungGen      total 74752K, used 24999K [0x00000000e0000000, 0x00000000e5480000, 0x0000000100000000)
  eden space 66048K, 37% used [0x00000000e0000000,0x00000000e1869f18,0x00000000e4080000)
  from space 8704K, 0% used [0x00000000e4c00000,0x00000000e4c00000,0x00000000e5480000)
  to   space 10240K, 0% used [0x00000000e4080000,0x00000000e4080000,0x00000000e4a80000)
 ParOldGen       total 70144K, used 15098K [0x00000000a0000000, 0x00000000a4480000, 0x00000000e0000000)
  object space 70144K, 21% used [0x00000000a0000000,0x00000000a0ebe9e0,0x00000000a4480000)
 Metaspace       used 35679K, capacity 36354K, committed 36736K, reserved 1081344K
  class space    used 4776K, capacity 4958K, committed 4992K, reserved 1048576K
GC Heap History (10 events):
Event: 3.092 GC heap before
{Heap before GC invocations=8 (full 1):
 PSYoungGen      total 58368K, used 52522K [0x00000000e0000000, 0x00000000e4400000, 0x0000000100000000)
  eden space 47104K, 100% used [0x00000000e0000000,0x00000000e2e00000,0x00000000e2e00000)
  from space 11264K, 48% used [0x00000000e3880000,0x00000000e3dcab88,0x00000000e4380000)
  to   space 10752K, 0% used [0x00000000e2e00000,0x00000000e2e00000,0x00000000e3880000)
 ParOldGen       total 70144K, used 10897K [0x00000000a0000000, 0x00000000a4480000, 0x00000000e0000000)
  object space 70144K, 15% used [0x00000000a0000000,0x00000000a0aa4590,0x00000000a4480000)
 Metaspace       used 27782K, capacity 28290K, committed 28544K, reserved 1073152K
  class space    used 3786K, capacity 3933K, committed 3968K, reserved 1048576K
Event: 3.096 GC heap after
Heap after GC invocations=8 (full 1):
 PSYoungGen      total 57856K, used 4639K [0x00000000e0000000, 0x00000000e5680000, 0x0000000100000000)
  eden space 47104K, 0% used [0x00000000e0000000,0x00000000e0000000,0x00000000e2e00000)
  from space 10752K, 43% used [0x00000000e2e00000,0x00000000e3287e18,0x00000000e3880000)
  to   space 10752K, 0% used [0x00000000e4c00000,0x00000000e4c00000,0x00000000e5680000)
 ParOldGen       total 70144K, used 10969K [0x00000000a0000000, 0x00000000a4480000, 0x00000000e0000000)
  object space 70144K, 15% used [0x00000000a0000000,0x00000000a0ab65a0,0x00000000a4480000)
 Metaspace       used 27782K, capacity 28290K, committed 28544K, reserved 1073152K
  class space    used 3786K, capacity 3933K, committed 3968K, reserved 1048576K
}
Event: 3.600 GC heap before
{Heap before GC invocations=9 (full 1):
 PSYoungGen      total 57856K, used 51743K [0x00000000e0000000, 0x00000000e5680000, 0x0000000100000000)
  eden space 47104K, 100% used [0x00000000e0000000,0x00000000e2e00000,0x00000000e2e00000)
  from space 10752K, 43% used [0x00000000e2e00000,0x00000000e3287e18,0x00000000e3880000)
  to   space 10752K, 0% used [0x00000000e4c00000,0x00000000e4c00000,0x00000000e5680000)
 ParOldGen       total 70144K, used 10969K [0x00000000a0000000, 0x00000000a4480000, 0x00000000e0000000)
  object space 70144K, 15% used [0x00000000a0000000,0x00000000a0ab65a0,0x00000000a4480000)
 Metaspace       used 29009K, capacity 29516K, committed 29824K, reserved 1075200K
  class space    used 3934K, capacity 4111K, committed 4224K, reserved 1048576K
Event: 3.604 GC heap after
Heap after GC invocations=9 (full 1):
 PSYoungGen      total 74752K, used 5558K [0x00000000e0000000, 0x00000000e5480000, 0x0000000100000000)
  eden space 66048K, 0% used [0x00000000e0000000,0x00000000e0000000,0x00000000e4080000)
  from space 8704K, 63% used [0x00000000e4c00000,0x00000000e516d940,0x00000000e5480000)
  to   space 10240K, 0% used [0x00000000e4080000,0x00000000e4080000,0x00000000e4a80000)
 ParOldGen       total 70144K, used 10985K [0x00000000a0000000, 0x00000000a4480000, 0x00000000e0000000)
  object space 70144K, 15% used [0x00000000a0000000,0x00000000a0aba5b8,0x00000000a4480000)
 Metaspace       used 29009K, capacity 29516K, committed 29824K, reserved 1075200K
  class space    used 3934K, capacity 4111K, committed 4224K, reserved 1048576K
}
Event: 4.112 GC heap before
{Heap before GC invocations=10 (full 1):
 PSYoungGen      total 74752K, used 71606K [0x00000000e0000000, 0x00000000e5480000, 0x0000000100000000)
  eden space 66048K, 100% used [0x00000000e0000000,0x00000000e4080000,0x00000000e4080000)
  from space 8704K, 63% used [0x00000000e4c00000,0x00000000e516d940,0x00000000e5480000)
  to   space 10240K, 0% used [0x00000000e4080000,0x00000000e4080000,0x00000000e4a80000)
 ParOldGen       total 70144K, used 10985K [0x00000000a0000000, 0x00000000a4480000, 0x00000000e0000000)
  object space 70144K, 15% used [0x00000000a0000000,0x00000000a0aba5b8,0x00000000a4480000)
 Metaspace       used 33969K, capacity 34566K, committed 35072K, reserved 1079296K
  class space    used 4559K, capacity 4750K, committed 4864K, reserved 1048576K
Event: 4.119 GC heap after
Heap after GC invocations=10 (full 1):
 PSYoungGen      total 76288K, used 10066K [0x00000000e0000000, 0x00000000e5480000, 0x0000000100000000)
  eden space 66048K, 0% used [0x00000000e0000000,0x00000000e0000000,0x00000000e4080000)
  from space 10240K, 98% used [0x00000000e4080000,0x00000000e4a548e8,0x00000000e4a80000)
  to   space 8704K, 0% used [0x00000000e4c00000,0x00000000e4c00000,0x00000000e5480000)
 ParOldGen       total 70144K, used 10993K [0x00000000a0000000, 0x00000000a4480000, 0x00000000e0000000)
  object space 70144K, 15% used [0x00000000a0000000,0x00000000a0abc5b8,0x00000000a4480000)
 Metaspace       used 33969K, capacity 34566K, committed 35072K, reserved 1079296K
  class space    used 4559K, capacity 4750K, committed 4864K, reserved 1048576K
}
Event: 4.175 GC heap before
{Heap before GC invocations=11 (full 1):
 PSYoungGen      total 76288K, used 17932K [0x00000000e0000000, 0x00000000e5480000, 0x0000000100000000)
  eden space 66048K, 11% used [0x00000000e0000000,0x00000000e07ae8b0,0x00000000e4080000)
  from space 10240K, 98% used [0x00000000e4080000,0x00000000e4a548e8,0x00000000e4a80000)
  to   space 8704K, 0% used [0x00000000e4c00000,0x00000000e4c00000,0x00000000e5480000)
 ParOldGen       total 70144K, used 10993K [0x00000000a0000000, 0x00000000a4480000, 0x00000000e0000000)
  object space 70144K, 15% used [0x00000000a0000000,0x00000000a0abc5b8,0x00000000a4480000)
 Metaspace       used 34656K, capacity 35224K, committed 35496K, reserved 1079296K
  class space    used 4644K, capacity 4817K, committed 4864K, reserved 1048576K
Event: 4.180 GC heap after
Heap after GC invocations=11 (full 1):
 PSYoungGen      total 74752K, used 8154K [0x00000000e0000000, 0x00000000e5480000, 0x0000000100000000)
  eden space 66048K, 0% used [0x00000000e0000000,0x00000000e0000000,0x00000000e4080000)
  from space 8704K, 93% used [0x00000000e4c00000,0x00000000e53f6be8,0x00000000e5480000)
  to   space 10240K, 0% used [0x00000000e4080000,0x00000000e4080000,0x00000000e4a80000)
 ParOldGen       total 70144K, used 11001K [0x00000000a0000000, 0x00000000a4480000, 0x00000000e0000000)
  object space 70144K, 15% used [0x00000000a0000000,0x00000000a0abe5b8,0x00000000a4480000)
 Metaspace       used 34656K, capacity 35224K, committed 35496K, reserved 1079296K
  class space    used 4644K, capacity 4817K, committed 4864K, reserved 1048576K
}
Event: 4.180 GC heap before
{Heap before GC invocations=12 (full 2):
 PSYoungGen      total 74752K, used 8154K [0x00000000e0000000, 0x00000000e5480000, 0x0000000100000000)
  eden space 66048K, 0% used [0x00000000e0000000,0x00000000e0000000,0x00000000e4080000)
  from space 8704K, 93% used [0x00000000e4c00000,0x00000000e53f6be8,0x00000000e5480000)
  to   space 10240K, 0% used [0x00000000e4080000,0x00000000e4080000,0x00000000e4a80000)
 ParOldGen       total 70144K, used 11001K [0x00000000a0000000, 0x00000000a4480000, 0x00000000e0000000)
  object space 70144K, 15% used [0x00000000a0000000,0x00000000a0abe5b8,0x00000000a4480000)
 Metaspace       used 34656K, capacity 35224K, committed 35496K, reserved 1079296K
  class space    used 4644K, capacity 4817K, committed 4864K, reserved 1048576K
Event: 4.237 GC heap after
Heap after GC invocations=12 (full 2):
 PSYoungGen      total 74752K, used 0K [0x00000000e0000000, 0x00000000e5480000, 0x0000000100000000)
  eden space 66048K, 0% used [0x00000000e0000000,0x00000000e0000000,0x00000000e4080000)
  from space 8704K, 0% used [0x00000000e4c00000,0x00000000e4c00000,0x00000000e5480000)
  to   space 10240K, 0% used [0x00000000e4080000,0x00000000e4080000,0x00000000e4a80000)
 ParOldGen       total 70144K, used 15098K [0x00000000a0000000, 0x00000000a4480000, 0x00000000e0000000)
  object space 70144K, 21% used [0x00000000a0000000,0x00000000a0ebe9e0,0x00000000a4480000)
 Metaspace       used 34656K, capacity 35224K, committed 35496K, reserved 1079296K
  class space    used 4644K, capacity 4817K, committed 4864K, reserved 1048576K
}

