# JRE version: OpenJDK Runtime Environment (8.0_76-b03) (build 1.8.0_76-release-b03)
# Java VM: OpenJDK 64-Bit Server VM (25.76-b03 mixed mode windows-amd64 compressed oops)
Heap:
 PSYoungGen      total 89088K, used 39942K [0x00000000e0000000, 0x00000000e6800000, 0x0000000100000000)
  eden space 78336K, 50% used [0x00000000e0000000,0x00000000e2701b90,0x00000000e4c80000)
  from space 10752K, 0% used [0x00000000e5780000,0x00000000e5780000,0x00000000e6200000)
  to   space 11264K, 0% used [0x00000000e4c80000,0x00000000e4c80000,0x00000000e5780000)
 ParOldGen       total 68096K, used 15342K [0x00000000a0000000, 0x00000000a4280000, 0x00000000e0000000)
  object space 68096K, 22% used [0x00000000a0000000,0x00000000a0efb8c8,0x00000000a4280000)
 Metaspace       used 36405K, capacity 37080K, committed 37376K, reserved 1081344K
  class space    used 4907K, capacity 5094K, committed 5120K, reserved 1048576K
GC Heap History (10 events):
Event: 3.022 GC heap before
{Heap before GC invocations=8 (full 1):
 PSYoungGen      total 57344K, used 52508K [0x00000000e0000000, 0x00000000e4280000, 0x0000000100000000)
  eden space 47104K, 100% used [0x00000000e0000000,0x00000000e2e00000,0x00000000e2e00000)
  from space 10240K, 52% used [0x00000000e3800000,0x00000000e3d47090,0x00000000e4200000)
  to   space 10240K, 0% used [0x00000000e2e00000,0x00000000e2e00000,0x00000000e3800000)
 ParOldGen       total 68096K, used 11300K [0x00000000a0000000, 0x00000000a4280000, 0x00000000e0000000)
  object space 68096K, 16% used [0x00000000a0000000,0x00000000a0b09030,0x00000000a4280000)
 Metaspace       used 27628K, capacity 28130K, committed 28544K, reserved 1073152K
  class space    used 3770K, capacity 3901K, committed 3968K, reserved 1048576K
Event: 3.025 GC heap after
Heap after GC invocations=8 (full 1):
 PSYoungGen      total 57344K, used 4683K [0x00000000e0000000, 0x00000000e5400000, 0x0000000100000000)
  eden space 47104K, 0% used [0x00000000e0000000,0x00000000e0000000,0x00000000e2e00000)
  from space 10240K, 45% used [0x00000000e2e00000,0x00000000e3292e18,0x00000000e3800000)
  to   space 10240K, 0% used [0x00000000e4a00000,0x00000000e4a00000,0x00000000e5400000)
 ParOldGen       total 68096K, used 11308K [0x00000000a0000000, 0x00000000a4280000, 0x00000000e0000000)
  object space 68096K, 16% used [0x00000000a0000000,0x00000000a0b0b030,0x00000000a4280000)
 Metaspace       used 27628K, capacity 28130K, committed 28544K, reserved 1073152K
  class space    used 3770K, capacity 3901K, committed 3968K, reserved 1048576K
}
Event: 3.826 GC heap before
{Heap before GC invocations=9 (full 1):
 PSYoungGen      total 57344K, used 51787K [0x00000000e0000000, 0x00000000e5400000, 0x0000000100000000)
  eden space 47104K, 100% used [0x00000000e0000000,0x00000000e2e00000,0x00000000e2e00000)
  from space 10240K, 45% used [0x00000000e2e00000,0x00000000e3292e18,0x00000000e3800000)
  to   space 10240K, 0% used [0x00000000e4a00000,0x00000000e4a00000,0x00000000e5400000)
 ParOldGen       total 68096K, used 11308K [0x00000000a0000000, 0x00000000a4280000, 0x00000000e0000000)
  object space 68096K, 16% used [0x00000000a0000000,0x00000000a0b0b030,0x00000000a4280000)
 Metaspace       used 28849K, capacity 29356K, committed 29696K, reserved 1075200K
  class space    used 3911K, capacity 4079K, committed 4096K, reserved 1048576K
Event: 3.830 GC heap after
Heap after GC invocations=9 (full 1):
 PSYoungGen      total 70656K, used 5494K [0x00000000e0000000, 0x00000000e5100000, 0x0000000100000000)
  eden space 63488K, 0% used [0x00000000e0000000,0x00000000e0000000,0x00000000e3e00000)
  from space 7168K, 76% used [0x00000000e4a00000,0x00000000e4f5d940,0x00000000e5100000)
  to   space 9728K, 0% used [0x00000000e3e00000,0x00000000e3e00000,0x00000000e4780000)
 ParOldGen       total 68096K, used 11388K [0x00000000a0000000, 0x00000000a4280000, 0x00000000e0000000)
  object space 68096K, 16% used [0x00000000a0000000,0x00000000a0b1f058,0x00000000a4280000)
 Metaspace       used 28849K, capacity 29356K, committed 29696K, reserved 1075200K
  class space    used 3911K, capacity 4079K, committed 4096K, reserved 1048576K
}
Event: 4.253 GC heap before
{Heap before GC invocations=10 (full 1):
 PSYoungGen      total 70656K, used 68982K [0x00000000e0000000, 0x00000000e5100000, 0x0000000100000000)
  eden space 63488K, 100% used [0x00000000e0000000,0x00000000e3e00000,0x00000000e3e00000)
  from space 7168K, 76% used [0x00000000e4a00000,0x00000000e4f5d940,0x00000000e5100000)
  to   space 9728K, 0% used [0x00000000e3e00000,0x00000000e3e00000,0x00000000e4780000)
 ParOldGen       total 68096K, used 11388K [0x00000000a0000000, 0x00000000a4280000, 0x00000000e0000000)
  object space 68096K, 16% used [0x00000000a0000000,0x00000000a0b1f058,0x00000000a4280000)
 Metaspace       used 33456K, capacity 34048K, committed 34432K, reserved 1079296K
  class space    used 4503K, capacity 4685K, committed 4736K, reserved 1048576K
Event: 4.262 GC heap after
Heap after GC invocations=10 (full 1):
 PSYoungGen      total 73216K, used 9723K [0x00000000e0000000, 0x00000000e6200000, 0x0000000100000000)
  eden space 63488K, 0% used [0x00000000e0000000,0x00000000e0000000,0x00000000e3e00000)
  from space 9728K, 99% used [0x00000000e3e00000,0x00000000e477edb0,0x00000000e4780000)
  to   space 10752K, 0% used [0x00000000e5780000,0x00000000e5780000,0x00000000e6200000)
 ParOldGen       total 68096K, used 11508K [0x00000000a0000000, 0x00000000a4280000, 0x00000000e0000000)
  object space 68096K, 16% used [0x00000000a0000000,0x00000000a0b3d3a8,0x00000000a4280000)
 Metaspace       used 33456K, capacity 34048K, committed 34432K, reserved 1079296K
  class space    used 4503K, capacity 4685K, committed 4736K, reserved 1048576K
}
Event: 4.361 GC heap before
{Heap before GC invocations=11 (full 1):
 PSYoungGen      total 73216K, used 20882K [0x00000000e0000000, 0x00000000e6200000, 0x0000000100000000)
  eden space 63488K, 17% used [0x00000000e0000000,0x00000000e0ae5d80,0x00000000e3e00000)
  from space 9728K, 99% used [0x00000000e3e00000,0x00000000e477edb0,0x00000000e4780000)
  to   space 10752K, 0% used [0x00000000e5780000,0x00000000e5780000,0x00000000e6200000)
 ParOldGen       total 68096K, used 11508K [0x00000000a0000000, 0x00000000a4280000, 0x00000000e0000000)
  object space 68096K, 16% used [0x00000000a0000000,0x00000000a0b3d3a8,0x00000000a4280000)
 Metaspace       used 34711K, capacity 35256K, committed 35496K, reserved 1079296K
  class space    used 4645K, capacity 4849K, committed 4864K, reserved 1048576K
Event: 4.366 GC heap after
Heap after GC invocations=11 (full 1):
 PSYoungGen      total 89088K, used 8375K [0x00000000e0000000, 0x00000000e6800000, 0x0000000100000000)
  eden space 78336K, 0% used [0x00000000e0000000,0x00000000e0000000,0x00000000e4c80000)
  from space 10752K, 77% used [0x00000000e5780000,0x00000000e5fadc88,0x00000000e6200000)
  to   space 11264K, 0% used [0x00000000e4c80000,0x00000000e4c80000,0x00000000e5780000)
 ParOldGen       total 68096K, used 11516K [0x00000000a0000000, 0x00000000a4280000, 0x00000000e0000000)
  object space 68096K, 16% used [0x00000000a0000000,0x00000000a0b3f3a8,0x00000000a4280000)
 Metaspace       used 34711K, capacity 35256K, committed 35496K, reserved 1079296K
  class space    used 4645K, capacity 4849K, committed 4864K, reserved 1048576K
}
Event: 4.366 GC heap before
{Heap before GC invocations=12 (full 2):
 PSYoungGen      total 89088K, used 8375K [0x00000000e0000000, 0x00000000e6800000, 0x0000000100000000)
  eden space 78336K, 0% used [0x00000000e0000000,0x00000000e0000000,0x00000000e4c80000)
  from space 10752K, 77% used [0x00000000e5780000,0x00000000e5fadc88,0x00000000e6200000)
  to   space 11264K, 0% used [0x00000000e4c80000,0x00000000e4c80000,0x00000000e5780000)
 ParOldGen       total 68096K, used 11516K [0x00000000a0000000, 0x00000000a4280000, 0x00000000e0000000)
  object space 68096K, 16% used [0x00000000a0000000,0x00000000a0b3f3a8,0x00000000a4280000)
 Metaspace       used 34711K, capacity 35256K, committed 35496K, reserved 1079296K
  class space    used 4645K, capacity 4849K, committed 4864K, reserved 1048576K
Event: 4.418 GC heap after
Heap after GC invocations=12 (full 2):
 PSYoungGen      total 89088K, used 0K [0x00000000e0000000, 0x00000000e6800000, 0x0000000100000000)
  eden space 78336K, 0% used [0x00000000e0000000,0x00000000e0000000,0x00000000e4c80000)
  from space 10752K, 0% used [0x00000000e5780000,0x00000000e5780000,0x00000000e6200000)
  to   space 11264K, 0% used [0x00000000e4c80000,0x00000000e4c80000,0x00000000e5780000)
 ParOldGen       total 68096K, used 15342K [0x00000000a0000000, 0x00000000a4280000, 0x00000000e0000000)
  object space 68096K, 22% used [0x00000000a0000000,0x00000000a0efb8c8,0x00000000a4280000)
 Metaspace       used 34711K, capacity 35256K, committed 35496K, reserved 1079296K
  class space    used 4645K, capacity 4849K, committed 4864K, reserved 1048576K
}

