# JRE version: OpenJDK Runtime Environment (8.0_76-b03) (build 1.8.0_76-release-b03)
# Java VM: OpenJDK 64-Bit Server VM (25.76-b03 mixed mode windows-amd64 compressed oops)
Heap:
 PSYoungGen      total 88576K, used 70014K [0x00000000e0000000, 0x00000000e7580000, 0x0000000100000000)
  eden space 77312K, 80% used [0x00000000e0000000,0x00000000e3cd0b20,0x00000000e4b80000)
  from space 11264K, 68% used [0x00000000e4b80000,0x00000000e530ed90,0x00000000e5680000)
  to   space 11264K, 0% used [0x00000000e6a80000,0x00000000e6a80000,0x00000000e7580000)
 ParOldGen       total 70656K, used 15565K [0x00000000a0000000, 0x00000000a4500000, 0x00000000e0000000)
  object space 70656K, 22% used [0x00000000a0000000,0x00000000a0f335e8,0x00000000a4500000)
 Metaspace       used 44617K, capacity 45766K, committed 45952K, reserved 1089536K
  class space    used 6009K, capacity 6257K, committed 6272K, reserved 1048576K
GC Heap History (10 events):
Event: 3.651 GC heap before
{Heap before GC invocations=9 (full 1):
 PSYoungGen      total 56832K, used 51204K [0x00000000e0000000, 0x00000000e5200000, 0x0000000100000000)
  eden space 46080K, 100% used [0x00000000e0000000,0x00000000e2d00000,0x00000000e2d00000)
  from space 10752K, 47% used [0x00000000e2d00000,0x00000000e32010c0,0x00000000e3780000)
  to   space 10240K, 0% used [0x00000000e4800000,0x00000000e4800000,0x00000000e5200000)
 ParOldGen       total 70656K, used 11091K [0x00000000a0000000, 0x00000000a4500000, 0x00000000e0000000)
  object space 70656K, 15% used [0x00000000a0000000,0x00000000a0ad4e38,0x00000000a4500000)
 Metaspace       used 28625K, capacity 29056K, committed 29440K, reserved 1075200K
  class space    used 3884K, capacity 4039K, committed 4096K, reserved 1048576K
Event: 3.655 GC heap after
Heap after GC invocations=9 (full 1):
 PSYoungGen      total 71680K, used 5299K [0x00000000e0000000, 0x00000000e5100000, 0x0000000100000000)
  eden space 62464K, 0% used [0x00000000e0000000,0x00000000e0000000,0x00000000e3d00000)
  from space 9216K, 57% used [0x00000000e4800000,0x00000000e4d2cec0,0x00000000e5100000)
  to   space 10240K, 0% used [0x00000000e3d00000,0x00000000e3d00000,0x00000000e4700000)
 ParOldGen       total 70656K, used 11099K [0x00000000a0000000, 0x00000000a4500000, 0x00000000e0000000)
  object space 70656K, 15% used [0x00000000a0000000,0x00000000a0ad6e38,0x00000000a4500000)
 Metaspace       used 28625K, capacity 29056K, committed 29440K, reserved 1075200K
  class space    used 3884K, capacity 4039K, committed 4096K, reserved 1048576K
}
Event: 4.076 GC heap before
{Heap before GC invocations=10 (full 1):
 PSYoungGen      total 71680K, used 67763K [0x00000000e0000000, 0x00000000e5100000, 0x0000000100000000)
  eden space 62464K, 100% used [0x00000000e0000000,0x00000000e3d00000,0x00000000e3d00000)
  from space 9216K, 57% used [0x00000000e4800000,0x00000000e4d2cec0,0x00000000e5100000)
  to   space 10240K, 0% used [0x00000000e3d00000,0x00000000e3d00000,0x00000000e4700000)
 ParOldGen       total 70656K, used 11099K [0x00000000a0000000, 0x00000000a4500000, 0x00000000e0000000)
  object space 70656K, 15% used [0x00000000a0000000,0x00000000a0ad6e38,0x00000000a4500000)
 Metaspace       used 33123K, capacity 33716K, committed 34176K, reserved 1079296K
  class space    used 4450K, capacity 4619K, committed 4736K, reserved 1048576K
Event: 4.084 GC heap after
Heap after GC invocations=10 (full 1):
 PSYoungGen      total 72704K, used 9670K [0x00000000e0000000, 0x00000000e6180000, 0x0000000100000000)
  eden space 62464K, 0% used [0x00000000e0000000,0x00000000e0000000,0x00000000e3d00000)
  from space 10240K, 94% used [0x00000000e3d00000,0x00000000e4671aa8,0x00000000e4700000)
  to   space 11264K, 0% used [0x00000000e5680000,0x00000000e5680000,0x00000000e6180000)
 ParOldGen       total 70656K, used 11179K [0x00000000a0000000, 0x00000000a4500000, 0x00000000e0000000)
  object space 70656K, 15% used [0x00000000a0000000,0x00000000a0aeae60,0x00000000a4500000)
 Metaspace       used 33123K, capacity 33716K, committed 34176K, reserved 1079296K
  class space    used 4450K, capacity 4619K, committed 4736K, reserved 1048576K
}
Event: 4.233 GC heap before
{Heap before GC invocations=11 (full 1):
 PSYoungGen      total 72704K, used 25629K [0x00000000e0000000, 0x00000000e6180000, 0x0000000100000000)
  eden space 62464K, 25% used [0x00000000e0000000,0x00000000e0f95c20,0x00000000e3d00000)
  from space 10240K, 94% used [0x00000000e3d00000,0x00000000e4671aa8,0x00000000e4700000)
  to   space 11264K, 0% used [0x00000000e5680000,0x00000000e5680000,0x00000000e6180000)
 ParOldGen       total 70656K, used 11179K [0x00000000a0000000, 0x00000000a4500000, 0x00000000e0000000)
  object space 70656K, 15% used [0x00000000a0000000,0x00000000a0aeae60,0x00000000a4500000)
 Metaspace       used 34652K, capacity 35224K, committed 35496K, reserved 1079296K
  class space    used 4644K, capacity 4817K, committed 4864K, reserved 1048576K
Event: 4.239 GC heap after
Heap after GC invocations=11 (full 1):
 PSYoungGen      total 88576K, used 8577K [0x00000000e0000000, 0x00000000e6600000, 0x0000000100000000)
  eden space 77312K, 0% used [0x00000000e0000000,0x00000000e0000000,0x00000000e4b80000)
  from space 11264K, 76% used [0x00000000e5680000,0x00000000e5ee06b0,0x00000000e6180000)
  to   space 11264K, 0% used [0x00000000e4b80000,0x00000000e4b80000,0x00000000e5680000)
 ParOldGen       total 70656K, used 11187K [0x00000000a0000000, 0x00000000a4500000, 0x00000000e0000000)
  object space 70656K, 15% used [0x00000000a0000000,0x00000000a0aece60,0x00000000a4500000)
 Metaspace       used 34652K, capacity 35224K, committed 35496K, reserved 1079296K
  class space    used 4644K, capacity 4817K, committed 4864K, reserved 1048576K
}
Event: 4.239 GC heap before
{Heap before GC invocations=12 (full 2):
 PSYoungGen      total 88576K, used 8577K [0x00000000e0000000, 0x00000000e6600000, 0x0000000100000000)
  eden space 77312K, 0% used [0x00000000e0000000,0x00000000e0000000,0x00000000e4b80000)
  from space 11264K, 76% used [0x00000000e5680000,0x00000000e5ee06b0,0x00000000e6180000)
  to   space 11264K, 0% used [0x00000000e4b80000,0x00000000e4b80000,0x00000000e5680000)
 ParOldGen       total 70656K, used 11187K [0x00000000a0000000, 0x00000000a4500000, 0x00000000e0000000)
  object space 70656K, 15% used [0x00000000a0000000,0x00000000a0aece60,0x00000000a4500000)
 Metaspace       used 34652K, capacity 35224K, committed 35496K, reserved 1079296K
  class space    used 4644K, capacity 4817K, committed 4864K, reserved 1048576K
Event: 4.292 GC heap after
Heap after GC invocations=12 (full 2):
 PSYoungGen      total 88576K, used 0K [0x00000000e0000000, 0x00000000e6600000, 0x0000000100000000)
  eden space 77312K, 0% used [0x00000000e0000000,0x00000000e0000000,0x00000000e4b80000)
  from space 11264K, 0% used [0x00000000e5680000,0x00000000e5680000,0x00000000e6180000)
  to   space 11264K, 0% used [0x00000000e4b80000,0x00000000e4b80000,0x00000000e5680000)
 ParOldGen       total 70656K, used 15557K [0x00000000a0000000, 0x00000000a4500000, 0x00000000e0000000)
  object space 70656K, 22% used [0x00000000a0000000,0x00000000a0f315e8,0x00000000a4500000)
 Metaspace       used 34652K, capacity 35224K, committed 35496K, reserved 1079296K
  class space    used 4644K, capacity 4817K, committed 4864K, reserved 1048576K
}
Event: 5.748 GC heap before
{Heap before GC invocations=13 (full 2):
 PSYoungGen      total 88576K, used 77312K [0x00000000e0000000, 0x00000000e6600000, 0x0000000100000000)
  eden space 77312K, 100% used [0x00000000e0000000,0x00000000e4b80000,0x00000000e4b80000)
  from space 11264K, 0% used [0x00000000e5680000,0x00000000e5680000,0x00000000e6180000)
  to   space 11264K, 0% used [0x00000000e4b80000,0x00000000e4b80000,0x00000000e5680000)
 ParOldGen       total 70656K, used 15557K [0x00000000a0000000, 0x00000000a4500000, 0x00000000e0000000)
  object space 70656K, 22% used [0x00000000a0000000,0x00000000a0f315e8,0x00000000a4500000)
 Metaspace       used 41335K, capacity 42112K, committed 42624K, reserved 1085440K
  class space    used 5514K, capacity 5698K, committed 5760K, reserved 1048576K
Event: 5.754 GC heap after
Heap after GC invocations=13 (full 2):
 PSYoungGen      total 88576K, used 7739K [0x00000000e0000000, 0x00000000e7580000, 0x0000000100000000)
  eden space 77312K, 0% used [0x00000000e0000000,0x00000000e0000000,0x00000000e4b80000)
  from space 11264K, 68% used [0x00000000e4b80000,0x00000000e530ed90,0x00000000e5680000)
  to   space 11264K, 0% used [0x00000000e6a80000,0x00000000e6a80000,0x00000000e7580000)
 ParOldGen       total 70656K, used 15565K [0x00000000a0000000, 0x00000000a4500000, 0x00000000e0000000)
  object space 70656K, 22% used [0x00000000a0000000,0x00000000a0f335e8,0x00000000a4500000)
 Metaspace       used 41335K, capacity 42112K, committed 42624K, reserved 1085440K
  class space    used 5514K, capacity 5698K, committed 5760K, reserved 1048576K
}

